<?xml version="1.0" encoding="UTF-8"?>
<testng-results skipped="0" failed="0" ignored="0" total="1" passed="1">
  <reporter-output>
    <line>
      <![CDATA[Launching...https://opensource-demo.orangehrmlive.com/]]>
    </line>
    <line>
      <![CDATA[Login into Orange open source]]>
    </line>
    <line>
      <![CDATA[Validate that you have logged in successfully]]>
    </line>
    <line>
      <![CDATA[Click Admin - Go to the admin page]]>
    </line>
    <line>
      <![CDATA[Search username in field]]>
    </line>
    <line>
      <![CDATA[Verify value in search table]]>
    </line>
    <line>
      <![CDATA[Logout into Orange open source]]>
    </line>
    <line>
      <![CDATA[Close Browser]]>
    </line>
  </reporter-output>
  <suite name="Default suite" duration-ms="11921" started-at="2021-02-20T11:45:04 CST" finished-at="2021-02-20T11:45:16 CST">
    <groups>
    </groups>
    <test name="Default test" duration-ms="11921" started-at="2021-02-20T11:45:04 CST" finished-at="2021-02-20T11:45:16 CST">
      <class name="com.opensource.admin.qa.TC001_Admin_SearchEmployee_POM">
        <test-method status="PASS" signature="beforeTest()[pri:0, instance:com.opensource.admin.qa.TC001_Admin_SearchEmployee_POM@3224f60b]" name="beforeTest" is-config="true" duration-ms="4534" started-at="2021-02-20T11:45:04 CST" finished-at="2021-02-20T11:45:09 CST">
          <reporter-output>
          </reporter-output>
        </test-method> <!-- beforeTest -->
        <test-method status="PASS" signature="TC001_Admin_SearchEmployee_POM_TestScript()[pri:0, instance:com.opensource.admin.qa.TC001_Admin_SearchEmployee_POM@3224f60b]" name="TC001_Admin_SearchEmployee_POM_TestScript" duration-ms="7127" started-at="2021-02-20T11:45:09 CST" finished-at="2021-02-20T11:45:16 CST">
          <reporter-output>
            <line>
              <![CDATA[Launching...https://opensource-demo.orangehrmlive.com/]]>
            </line>
            <line>
              <![CDATA[Login into Orange open source]]>
            </line>
            <line>
              <![CDATA[Validate that you have logged in successfully]]>
            </line>
            <line>
              <![CDATA[Click Admin - Go to the admin page]]>
            </line>
            <line>
              <![CDATA[Search username in field]]>
            </line>
            <line>
              <![CDATA[Verify value in search table]]>
            </line>
            <line>
              <![CDATA[Logout into Orange open source]]>
            </line>
          </reporter-output>
        </test-method> <!-- TC001_Admin_SearchEmployee_POM_TestScript -->
        <test-method status="PASS" signature="afterTest()[pri:0, instance:com.opensource.admin.qa.TC001_Admin_SearchEmployee_POM@3224f60b]" name="afterTest" is-config="true" duration-ms="175" started-at="2021-02-20T11:45:16 CST" finished-at="2021-02-20T11:45:16 CST">
          <reporter-output>
            <line>
              <![CDATA[Close Browser]]>
            </line>
          </reporter-output>
        </test-method> <!-- afterTest -->
      </class> <!-- com.opensource.admin.qa.TC001_Admin_SearchEmployee_POM -->
    </test> <!-- Default test -->
  </suite> <!-- Default suite -->
</testng-results>
